{"/media/ankurcharan/EA84A99384A96335/IntelInside/Web Dev/Projects/unsortedArray/Conditional-Rendering/config/CSSStub.js": {"path":"/media/ankurcharan/EA84A99384A96335/IntelInside/Web Dev/Projects/unsortedArray/Conditional-Rendering/config/CSSStub.js","statementMap":{"0":{"start":{"line":1,"column":0},"end":{"line":1,"column":20}}},"fnMap":{},"branchMap":{},"s":{"0":1},"f":{},"b":{},"_coverageSchema":"1a1c01bbd47fc00a2c39e90264f33305004495a9","hash":"efe61d465349f53e68b88bbcdcb94cdc824de2cd"}
,"/media/ankurcharan/EA84A99384A96335/IntelInside/Web Dev/Projects/unsortedArray/Conditional-Rendering/src/components/App.js": {"path":"/media/ankurcharan/EA84A99384A96335/IntelInside/Web Dev/Projects/unsortedArray/Conditional-Rendering/src/components/App.js","statementMap":{"0":{"start":{"line":4,"column":12},"end":{"line":36,"column":1}},"1":{"start":{"line":6,"column":30},"end":{"line":6,"column":45}},"2":{"start":{"line":7,"column":32},"end":{"line":7,"column":47}},"3":{"start":{"line":9,"column":30},"end":{"line":12,"column":5}},"4":{"start":{"line":10,"column":8},"end":{"line":10,"column":27}},"5":{"start":{"line":11,"column":8},"end":{"line":11,"column":25}},"6":{"start":{"line":13,"column":30},"end":{"line":16,"column":5}},"7":{"start":{"line":14,"column":8},"end":{"line":14,"column":27}},"8":{"start":{"line":15,"column":8},"end":{"line":15,"column":27}},"9":{"start":{"line":18,"column":4},"end":{"line":35,"column":5}}},"fnMap":{"0":{"name":"(anonymous_0)","decl":{"start":{"line":4,"column":12},"end":{"line":4,"column":13}},"loc":{"start":{"line":4,"column":18},"end":{"line":36,"column":1}},"line":4},"1":{"name":"(anonymous_1)","decl":{"start":{"line":9,"column":30},"end":{"line":9,"column":31}},"loc":{"start":{"line":9,"column":37},"end":{"line":12,"column":5}},"line":9},"2":{"name":"(anonymous_2)","decl":{"start":{"line":13,"column":30},"end":{"line":13,"column":31}},"loc":{"start":{"line":13,"column":37},"end":{"line":16,"column":5}},"line":13}},"branchMap":{"0":{"loc":{"start":{"line":24,"column":40},"end":{"line":24,"column":67}},"type":"cond-expr","locations":[{"start":{"line":24,"column":51},"end":{"line":24,"column":60}},{"start":{"line":24,"column":63},"end":{"line":24,"column":67}}],"line":24},"1":{"loc":{"start":{"line":26,"column":20},"end":{"line":31,"column":21}},"type":"cond-expr","locations":[{"start":{"line":28,"column":24},"end":{"line":28,"column":30}},{"start":{"line":30,"column":24},"end":{"line":30,"column":31}}],"line":26}},"s":{"0":1,"1":7,"2":7,"3":7,"4":2,"5":2,"6":7,"7":0,"8":0,"9":7},"f":{"0":7,"1":2,"2":0},"b":{"0":[0,7],"1":[1,6]},"_coverageSchema":"1a1c01bbd47fc00a2c39e90264f33305004495a9","hash":"73d80529f9b29e6f5d407514085c493cf2bf5c5d"}
}
